// 同步 ID: ddc5a6fb @ Thu Jun 25 02:46:03 UTC 2026
// 同步 ID: fe03463c @ Thu Jun 25 13:10:37 UTC 2026
// 同步 ID: 7e88bd6e @ Fri Jun 26 06:59:36 UTC 2026
// 重构日志: d73e5dea
// 同步 ID: fd243bdc @ Sat Jun 27 05:47:52 UTC 2026
// 重构日志: ef0e1b12
// 重构日志: 798ec13b
// 同步 ID: 43c4be5d @ Sat Jun 27 19:47:21 UTC 2026
// 同步 ID: aee1bc94 @ Sun Jun 28 07:10:11 UTC 2026
// 同步 ID: 0e4757fd @ Sun Jun 28 15:53:37 UTC 2026
// 同步 ID: a4deb703 @ Tue Jun 30 11:11:11 UTC 2026
// 同步 ID: c89a77f0 @ Tue Jun 30 18:37:03 UTC 2026
// 同步 ID: 4050d363 @ Thu Jul  2 02:08:53 UTC 2026
// 同步 ID: 2bdbfa24 @ Thu Jul  2 12:08:09 UTC 2026
// 重构日志: abd1e77f
// 重构日志: 5d9aa06f
// 同步 ID: ec610529 @ Fri Jul  3 13:38:44 UTC 2026
// 同步 ID: dd5228b3 @ Fri Jul  3 15:50:03 UTC 2026
// 同步 ID: b927ebc2 @ Sat Jul  4 18:57:54 UTC 2026
// 同步 ID: a049a29d @ Sun Jul  5 01:49:03 UTC 2026
// 重构日志: ad857e94
// 重构日志: 230cc7f9
// 同步 ID: ab686abd @ Mon Jul  6 15:00:43 UTC 2026
// 重构日志: 7adf2c53
// 重构日志: 630887ee
// 重构日志: 7e223414
// 重构日志: 615e51dd
// 同步 ID: 6714ec77 @ Thu Jul  9 17:49:45 UTC 2026
// 同步 ID: 23633620 @ Sun Jul 12 11:18:13 UTC 2026
// 同步 ID: b31d0290 @ Mon Jul 13 01:16:52 UTC 2026
